Flow report for V2495user_template
Mon Sep 25 15:51:23 2023
Quartus II 64-Bit Version 13.1.0 Build 162 10/23/2013 SJ Web Edition


---------------------
; Table of Contents ;
---------------------
  1. Legal Notice
  2. Flow Summary
  3. Flow Settings
  4. Flow Non-Default Global Settings
  5. Flow Elapsed Time
  6. Flow OS Summary
  7. Flow Log
  8. Flow Messages
  9. Flow Suppressed Messages



----------------
; Legal Notice ;
----------------
Copyright (C) 1991-2013 Altera Corporation
Your use of Altera Corporation's design tools, logic functions 
and other software and tools, and its AMPP partner logic 
functions, and any output files from any of the foregoing 
(including device programming or simulation files), and any 
associated documentation or information are expressly subject 
to the terms and conditions of the Altera Program License 
Subscription Agreement, Altera MegaCore Function License 
Agreement, or other applicable license agreement, including, 
without limitation, that your use is for the sole purpose of 
programming logic devices manufactured by Altera and sold by 
Altera or its authorized distributors.  Please refer to the 
applicable agreement for further details.



+------------------------------------------------------------------------------+
; Flow Summary                                                                 ;
+---------------------------------+--------------------------------------------+
; Flow Status                     ; Successful - Mon Sep 25 15:51:23 2023      ;
; Quartus II 64-Bit Version       ; 13.1.0 Build 162 10/23/2013 SJ Web Edition ;
; Revision Name                   ; V2495user_template                         ;
; Top-level Entity Name           ; V2495                                      ;
; Family                          ; Cyclone V                                  ;
; Device                          ; 5CGXBC4C6F27C7                             ;
; Timing Models                   ; Final                                      ;
; Logic utilization (in ALMs)     ; 561 / 18,860 ( 3 % )                       ;
; Total registers                 ; 1239                                       ;
; Total pins                      ; 312 / 364 ( 86 % )                         ;
; Total virtual pins              ; 0                                          ;
; Total block memory bits         ; 3,200 / 2,560,000 ( < 1 % )                ;
; Total DSP Blocks                ; 0 / 70 ( 0 % )                             ;
; Total HSSI RX PCSs              ; 0 / 6 ( 0 % )                              ;
; Total HSSI PMA RX Deserializers ; 0 / 6 ( 0 % )                              ;
; Total HSSI TX PCSs              ; 0 / 6 ( 0 % )                              ;
; Total HSSI TX Channels          ; 0 / 6 ( 0 % )                              ;
; Total PLLs                      ; 0 / 12 ( 0 % )                             ;
; Total DLLs                      ; 0 / 4 ( 0 % )                              ;
+---------------------------------+--------------------------------------------+


+-----------------------------------------+
; Flow Settings                           ;
+-------------------+---------------------+
; Option            ; Setting             ;
+-------------------+---------------------+
; Start date & time ; 09/25/2023 15:50:12 ;
; Main task         ; Compilation         ;
; Revision Name     ; V2495user_template  ;
+-------------------+---------------------+


+-----------------------------------------------------------------------------------------------------------------------------------------------------------------------------------------------------------------+
; Flow Non-Default Global Settings                                                                                                                                                                                ;
+-------------------------------------+---------------------------------------------------------------------------------------------------------------------+--------------------+-------------+------------------+
; Assignment Name                     ; Value                                                                                                               ; Default Value      ; Entity Name ; Section Id       ;
+-------------------------------------+---------------------------------------------------------------------------------------------------------------------+--------------------+-------------+------------------+
; COMPILER_SIGNATURE_ID               ; 0.169564981227374                                                                                                   ; --                 ; --          ; --               ;
; EDA_OUTPUT_DATA_FORMAT              ; Vhdl                                                                                                                ; --                 ; --          ; eda_simulation   ;
; EDA_SIMULATION_TOOL                 ; ModelSim-Altera (VHDL)                                                                                              ; <None>             ; --          ; --               ;
; ENABLE_SIGNALTAP                    ; On                                                                                                                  ; --                 ; --          ; --               ;
; MAX_CORE_JUNCTION_TEMP              ; 85                                                                                                                  ; --                 ; --          ; --               ;
; MIN_CORE_JUNCTION_TEMP              ; 0                                                                                                                   ; --                 ; --          ; --               ;
; OUTPUT_IO_TIMING_FAR_END_VMEAS      ; Half Signal Swing                                                                                                   ; --                 ; --          ; --               ;
; OUTPUT_IO_TIMING_FAR_END_VMEAS      ; Half Signal Swing                                                                                                   ; --                 ; --          ; --               ;
; OUTPUT_IO_TIMING_NEAR_END_VMEAS     ; Half Vccio                                                                                                          ; --                 ; --          ; --               ;
; OUTPUT_IO_TIMING_NEAR_END_VMEAS     ; Half Vccio                                                                                                          ; --                 ; --          ; --               ;
; PARTITION_COLOR                     ; 16764057                                                                                                            ; --                 ; V2495       ; Top              ;
; PARTITION_FITTER_PRESERVATION_LEVEL ; PLACEMENT_AND_ROUTING                                                                                               ; --                 ; V2495       ; Top              ;
; PARTITION_NETLIST_TYPE              ; SOURCE                                                                                                              ; --                 ; V2495       ; Top              ;
; POST_FLOW_SCRIPT_FILE               ; quartus_sh:RPDGen.tcl                                                                                               ; --                 ; --          ; --               ;
; POWER_BOARD_THERMAL_MODEL           ; None (CONSERVATIVE)                                                                                                 ; --                 ; --          ; --               ;
; POWER_PRESET_COOLING_SOLUTION       ; 23 MM HEAT SINK WITH 200 LFPM AIRFLOW                                                                               ; --                 ; --          ; --               ;
; PROJECT_OUTPUT_DIRECTORY            ; output_files                                                                                                        ; --                 ; --          ; --               ;
; SLD_FILE                            ; db/local_bus_auto_stripped.stp                                                                                      ; --                 ; --          ; --               ;
; SLD_NODE_CREATOR_ID                 ; 110                                                                                                                 ; --                 ; --          ; auto_signaltap_0 ;
; SLD_NODE_ENTITY_NAME                ; sld_signaltap                                                                                                       ; --                 ; --          ; auto_signaltap_0 ;
; SLD_NODE_PARAMETER_ASSIGNMENT       ; SLD_RAM_BLOCK_TYPE=AUTO                                                                                             ; --                 ; --          ; auto_signaltap_0 ;
; SLD_NODE_PARAMETER_ASSIGNMENT       ; SLD_DATA_BITS=25                                                                                                    ; --                 ; --          ; auto_signaltap_0 ;
; SLD_NODE_PARAMETER_ASSIGNMENT       ; SLD_TRIGGER_BITS=25                                                                                                 ; --                 ; --          ; auto_signaltap_0 ;
; SLD_NODE_PARAMETER_ASSIGNMENT       ; SLD_NODE_INFO=805334528                                                                                             ; --                 ; --          ; auto_signaltap_0 ;
; SLD_NODE_PARAMETER_ASSIGNMENT       ; SLD_POWER_UP_TRIGGER=0                                                                                              ; --                 ; --          ; auto_signaltap_0 ;
; SLD_NODE_PARAMETER_ASSIGNMENT       ; SLD_INVERSION_MASK=000000000000000000000000000000000000000000000000000000000000000000000000000000000000000000000000 ; --                 ; --          ; auto_signaltap_0 ;
; SLD_NODE_PARAMETER_ASSIGNMENT       ; SLD_INVERSION_MASK_LENGTH=96                                                                                        ; --                 ; --          ; auto_signaltap_0 ;
; SLD_NODE_PARAMETER_ASSIGNMENT       ; SLD_STORAGE_QUALIFIER_INVERSION_MASK_LENGTH=0                                                                       ; --                 ; --          ; auto_signaltap_0 ;
; SLD_NODE_PARAMETER_ASSIGNMENT       ; SLD_SEGMENT_SIZE=128                                                                                                ; --                 ; --          ; auto_signaltap_0 ;
; SLD_NODE_PARAMETER_ASSIGNMENT       ; SLD_ATTRIBUTE_MEM_MODE=OFF                                                                                          ; --                 ; --          ; auto_signaltap_0 ;
; SLD_NODE_PARAMETER_ASSIGNMENT       ; SLD_STATE_FLOW_USE_GENERATED=0                                                                                      ; --                 ; --          ; auto_signaltap_0 ;
; SLD_NODE_PARAMETER_ASSIGNMENT       ; SLD_STATE_BITS=11                                                                                                   ; --                 ; --          ; auto_signaltap_0 ;
; SLD_NODE_PARAMETER_ASSIGNMENT       ; SLD_BUFFER_FULL_STOP=1                                                                                              ; --                 ; --          ; auto_signaltap_0 ;
; SLD_NODE_PARAMETER_ASSIGNMENT       ; SLD_CURRENT_RESOURCE_WIDTH=1                                                                                        ; --                 ; --          ; auto_signaltap_0 ;
; SLD_NODE_PARAMETER_ASSIGNMENT       ; SLD_NODE_CRC_LOWORD=56202                                                                                           ; --                 ; --          ; auto_signaltap_0 ;
; SLD_NODE_PARAMETER_ASSIGNMENT       ; SLD_NODE_CRC_HIWORD=11701                                                                                           ; --                 ; --          ; auto_signaltap_0 ;
; SLD_NODE_PARAMETER_ASSIGNMENT       ; SLD_TRIGGER_LEVEL=1                                                                                                 ; --                 ; --          ; auto_signaltap_0 ;
; SLD_NODE_PARAMETER_ASSIGNMENT       ; SLD_SAMPLE_DEPTH=128                                                                                                ; --                 ; --          ; auto_signaltap_0 ;
; SLD_NODE_PARAMETER_ASSIGNMENT       ; SLD_TRIGGER_IN_ENABLED=0                                                                                            ; --                 ; --          ; auto_signaltap_0 ;
; SLD_NODE_PARAMETER_ASSIGNMENT       ; SLD_ADVANCED_TRIGGER_ENTITY=basic,1,                                                                                ; --                 ; --          ; auto_signaltap_0 ;
; SLD_NODE_PARAMETER_ASSIGNMENT       ; SLD_TRIGGER_LEVEL_PIPELINE=1                                                                                        ; --                 ; --          ; auto_signaltap_0 ;
; SLD_NODE_PARAMETER_ASSIGNMENT       ; SLD_ENABLE_ADVANCED_TRIGGER=0                                                                                       ; --                 ; --          ; auto_signaltap_0 ;
; TOP_LEVEL_ENTITY                    ; V2495                                                                                                               ; V2495user_template ; --          ; --               ;
; USE_SIGNALTAP_FILE                  ; local_bus.stp                                                                                                       ; --                 ; --          ; --               ;
+-------------------------------------+---------------------------------------------------------------------------------------------------------------------+--------------------+-------------+------------------+


+-------------------------------------------------------------------------------------------------------------------------------+
; Flow Elapsed Time                                                                                                             ;
+---------------------------+--------------+-------------------------+---------------------+------------------------------------+
; Module Name               ; Elapsed Time ; Average Processors Used ; Peak Virtual Memory ; Total CPU Time (on all processors) ;
+---------------------------+--------------+-------------------------+---------------------+------------------------------------+
; Analysis & Synthesis      ; 00:00:03     ; 1.0                     ; 788 MB              ; 00:00:03                           ;
; Fitter                    ; 00:00:34     ; 1.4                     ; 2126 MB             ; 00:00:43                           ;
; Assembler                 ; 00:00:14     ; 1.0                     ; 771 MB              ; 00:00:14                           ;
; TimeQuest Timing Analyzer ; 00:00:12     ; 1.0                     ; 1209 MB             ; 00:00:14                           ;
; EDA Netlist Writer        ; 00:00:01     ; 1.0                     ; 920 MB              ; 00:00:01                           ;
; Total                     ; 00:01:04     ; --                      ; --                  ; 00:01:15                           ;
+---------------------------+--------------+-------------------------+---------------------+------------------------------------+


+--------------------------------------------------------------------------------------------------------------+
; Flow OS Summary                                                                                              ;
+---------------------------+-----------------------------------+----------------+------------+----------------+
; Module Name               ; Machine Hostname                  ; OS Name        ; OS Version ; Processor type ;
+---------------------------+-----------------------------------+----------------+------------+----------------+
; Analysis & Synthesis      ; mgiacalo-ThinkPad-X1-Carbon-Gen-9 ; Ubuntu 20.04.6 ; 20         ; x86_64         ;
; Fitter                    ; mgiacalo-ThinkPad-X1-Carbon-Gen-9 ; Ubuntu 20.04.6 ; 20         ; x86_64         ;
; Assembler                 ; mgiacalo-ThinkPad-X1-Carbon-Gen-9 ; Ubuntu 20.04.6 ; 20         ; x86_64         ;
; TimeQuest Timing Analyzer ; mgiacalo-ThinkPad-X1-Carbon-Gen-9 ; Ubuntu 20.04.6 ; 20         ; x86_64         ;
; EDA Netlist Writer        ; mgiacalo-ThinkPad-X1-Carbon-Gen-9 ; Ubuntu 20.04.6 ; 20         ; x86_64         ;
+---------------------------+-----------------------------------+----------------+------------+----------------+


------------
; Flow Log ;
------------
quartus_map --read_settings_files=on --write_settings_files=off V2495user_template -c V2495user_template
quartus_fit --read_settings_files=off --write_settings_files=off V2495user_template -c V2495user_template
quartus_asm --read_settings_files=off --write_settings_files=off V2495user_template -c V2495user_template
quartus_sta V2495user_template -c V2495user_template
quartus_eda --read_settings_files=off --write_settings_files=off V2495user_template -c V2495user_template



