Archive Project report for V2495user_template
Thu Aug 31 18:13:37 2023
Quartus II 64-Bit Version 13.1.0 Build 162 10/23/2013 SJ Web Edition


---------------------
; Table of Contents ;
---------------------
  1. Legal Notice
  2. Archive Project Summary
  3. Archive Project Messages
  4. Files Archived



----------------
; Legal Notice ;
----------------
Copyright (C) 1991-2013 Altera Corporation
Your use of Altera Corporation's design tools, logic functions 
and other software and tools, and its AMPP partner logic 
functions, and any output files from any of the foregoing 
(including device programming or simulation files), and any 
associated documentation or information are expressly subject 
to the terms and conditions of the Altera Program License 
Subscription Agreement, Altera MegaCore Function License 
Agreement, or other applicable license agreement, including, 
without limitation, that your use is for the sole purpose of 
programming logic devices manufactured by Altera and sold by 
Altera or its authorized distributors.  Please refer to the 
applicable agreement for further details.



+----------------------------------------------------------------+
; Archive Project Summary                                        ;
+------------------------+---------------------------------------+
; Archive Project Status ; Successful - Thu Aug 31 18:13:37 2023 ;
; Revision Name          ; V2495user_template                    ;
; Top-level Entity Name  ; V2495                                 ;
; Family                 ; Cyclone V                             ;
+------------------------+---------------------------------------+


+--------------------------+
; Archive Project Messages ;
+--------------------------+
Warning (292006): Can't contact license server "27000@pclabele3.bo.infn.it" -- this server will be ignored
Info: File Set 'Source control' contains:
    Info: Project source and settings files
    Info: Automatically detected source files
Info: ----------------------------------------------------------
Info: ----------------------------------------------------------
Info: Generated archive '/home/mgiacalo/OneDrive/Assegno2022/EIC/NIM to LVDS/NIMtoLVDS/NIMtoLVDS_basicNIM_20230831.qar'
Info: ----------------------------------------------------------
Info: ----------------------------------------------------------
Info: Generated report 'V2495user_template.archive.rpt'
Info (23030): Evaluation of Tcl script /home/mgiacalo/altera/13.1/quartus/common/tcl/apps/qpm/qar.tcl was successful
Info: Quartus II 64-Bit Shell was successful. 0 errors, 1 warning
    Info: Peak virtual memory: 645 megabytes
    Info: Processing ended: Thu Aug 31 18:13:37 2023
    Info: Elapsed time: 00:00:11
    Info: Total CPU time (on all processors): 00:00:01


+---------------------------------------------------------------+
; Files Archived                                                ;
+---------------------------------------------------------------+
; File Name                                                     ;
+---------------------------------------------------------------+
; assignment_defaults.qdf                                       ;
; db/local_bus_auto_stripped.stp                                ;
; db/V2495user_template.cmp.hdb                                 ;
; db/V2495user_template.db_info                                 ;
; incremental_db/compiled_partitions/V2495user_template.db_info ;
; local_bus.stp                                                 ;
; RPDGen.tcl                                                    ;
; src/gd_control.vhd                                            ;
; src/lb_int.vhd                                                ;
; src/spi_interface.vhd                                         ;
; src/spi_master.vhd                                            ;
; src/V2495.vhd                                                 ;
; src/V2495_package.vhd                                         ;
; V2495user.sdc                                                 ;
; V2495user_template.qpf                                        ;
; V2495user_template.qsf                                        ;
+---------------------------------------------------------------+


