Assembler report for V2495user_template
Tue Sep  5 11:44:58 2023
Quartus II 64-Bit Version 13.1.0 Build 162 10/23/2013 SJ Web Edition


---------------------
; Table of Contents ;
---------------------
  1. Legal Notice
  2. Assembler Summary
  3. Assembler Settings
  4. Assembler Encrypted IP Cores Summary
  5. Assembler Generated Files
  6. Assembler Device Options: V2495user_template.sof
  7. Assembler Device Options: V2495user_template.jam
  8. Assembler Device Options: V2495user_template.jbc
  9. Assembler Device Options: V2495user_template.svf
 10. Assembler Device Options: V2495user_template.pof
 11. Assembler Device Options: V2495user_template.ttf
 12. Assembler Device Options: V2495user_template.rbf
 13. Assembler Device Options: V2495user_template.hexout
 14. Assembler Messages



----------------
; Legal Notice ;
----------------
Copyright (C) 1991-2013 Altera Corporation
Your use of Altera Corporation's design tools, logic functions 
and other software and tools, and its AMPP partner logic 
functions, and any output files from any of the foregoing 
(including device programming or simulation files), and any 
associated documentation or information are expressly subject 
to the terms and conditions of the Altera Program License 
Subscription Agreement, Altera MegaCore Function License 
Agreement, or other applicable license agreement, including, 
without limitation, that your use is for the sole purpose of 
programming logic devices manufactured by Altera and sold by 
Altera or its authorized distributors.  Please refer to the 
applicable agreement for further details.



+---------------------------------------------------------------+
; Assembler Summary                                             ;
+-----------------------+---------------------------------------+
; Assembler Status      ; Successful - Tue Sep  5 11:44:58 2023 ;
; Revision Name         ; V2495user_template                    ;
; Top-level Entity Name ; V2495                                 ;
; Family                ; Cyclone V                             ;
; Device                ; 5CGXBC4C6F27C7                        ;
+-----------------------+---------------------------------------+


+--------------------------------------------------------------------------------------------------------+
; Assembler Settings                                                                                     ;
+-----------------------------------------------------------------------------+----------+---------------+
; Option                                                                      ; Setting  ; Default Value ;
+-----------------------------------------------------------------------------+----------+---------------+
; Configuration device                                                        ; Epcq256  ; Auto          ;
; Generate Tabular Text File (.ttf) For Target Device                         ; On       ; Off           ;
; Generate Raw Binary File (.rbf) For Target Device                           ; On       ; Off           ;
; Generate Hexadecimal (Intel-Format) Output File (.hexout) for Target Device ; On       ; Off           ;
; Auto-restart configuration after error                                      ; Off      ; On            ;
; Use smart compilation                                                       ; Off      ; Off           ;
; Enable parallel Assembler and TimeQuest Timing Analyzer during compilation  ; On       ; On            ;
; Enable compact report table                                                 ; Off      ; Off           ;
; Generate Serial Vector Format File (.svf) for Target Device                 ; On       ; Off           ;
; Generate a JEDEC STAPL Format File (.jam) for Target Device                 ; On       ; Off           ;
; Generate a compressed Jam STAPL Byte Code 2.0 File (.jbc) for Target Device ; On       ; Off           ;
; Generate compressed bitstreams                                              ; On       ; On            ;
; Compression mode                                                            ; Off      ; Off           ;
; Clock source for configuration device                                       ; Internal ; Internal      ;
; Clock frequency of the configuration device                                 ; 10 MHZ   ; 10 MHz        ;
; Divide clock frequency by                                                   ; 1        ; 1             ;
; Auto user code                                                              ; On       ; On            ;
; Configuration device auto user code                                         ; Off      ; Off           ;
; Hexadecimal Output File start address                                       ; 0        ; 0             ;
; Hexadecimal Output File count direction                                     ; Up       ; Up            ;
; Release clears before tri-states                                            ; Off      ; Off           ;
; Enable OCT_DONE                                                             ; Off      ; Off           ;
; Use Checkered Pattern as Uninitialized RAM Content                          ; Off      ; Off           ;
; Generate a compressed Jam STAPL Byte Code 2.0 File (.jbc) for Target Device ; On       ; On            ;
+-----------------------------------------------------------------------------+----------+---------------+


+------------------------------------------------+
; Assembler Encrypted IP Cores Summary           ;
+--------+------------------------+--------------+
; Vendor ; IP Core Name           ; License Type ;
+--------+------------------------+--------------+
; Altera ; Signal Tap (6AF7 BCE1) ; Licensed     ;
; Altera ; Signal Tap (6AF7 BCEC) ; Licensed     ;
+--------+------------------------+--------------+


+---------------------------+
; Assembler Generated Files ;
+---------------------------+
; File Name                 ;
+---------------------------+
; V2495user_template.sof    ;
; V2495user_template.jam    ;
; V2495user_template.jbc    ;
; V2495user_template.svf    ;
; V2495user_template.pof    ;
; V2495user_template.ttf    ;
; V2495user_template.rbf    ;
; V2495user_template.hexout ;
+---------------------------+


+--------------------------------------------------+
; Assembler Device Options: V2495user_template.sof ;
+----------------+---------------------------------+
; Option         ; Setting                         ;
+----------------+---------------------------------+
; Device         ; 5CGXBC4C6F27C7                  ;
; JTAG usercode  ; 0x009080BC                      ;
; Checksum       ; 0x009080BC                      ;
+----------------+---------------------------------+


+--------------------------------------------------+
; Assembler Device Options: V2495user_template.jam ;
+-------------------------+------------------------+
; Option                  ; Setting                ;
+-------------------------+------------------------+
; JEDEC STAPL ASCII file  ;                        ;
+-------------------------+------------------------+


+--------------------------------------------------+
; Assembler Device Options: V2495user_template.jbc ;
+-----------------------+--------------------------+
; Option                ; Setting                  ;
+-----------------------+--------------------------+
; STAPL Byte Code file  ;                          ;
+-----------------------+--------------------------+


+--------------------------------------------------+
; Assembler Device Options: V2495user_template.svf ;
+-----------+--------------------------------------+
; Option    ; Setting                              ;
+-----------+--------------------------------------+
; SVF file  ;                                      ;
+-----------+--------------------------------------+


+--------------------------------------------------+
; Assembler Device Options: V2495user_template.pof ;
+--------------------+-----------------------------+
; Option             ; Setting                     ;
+--------------------+-----------------------------+
; Device             ; EPCQ256                     ;
; JTAG usercode      ; 0x00000000                  ;
; Checksum           ; 0xECC35B5E                  ;
; Compression Ratio  ; 3                           ;
+--------------------+-----------------------------+


+--------------------------------------------------+
; Assembler Device Options: V2495user_template.ttf ;
+--------------------+-----------------------------+
; Option             ; Setting                     ;
+--------------------+-----------------------------+
; Tabular Text File  ;                             ;
+--------------------+-----------------------------+


+--------------------------------------------------+
; Assembler Device Options: V2495user_template.rbf ;
+---------------------+----------------------------+
; Option              ; Setting                    ;
+---------------------+----------------------------+
; Raw Binary File     ;                            ;
;  Compression Ratio  ; 3                          ;
+---------------------+----------------------------+


+-----------------------------------------------------+
; Assembler Device Options: V2495user_template.hexout ;
+----------------------------------+------------------+
; Option                           ; Setting          ;
+----------------------------------+------------------+
; Hexadecimal (Intel-format) File  ;                  ;
+----------------------------------+------------------+


+--------------------+
; Assembler Messages ;
+--------------------+
Info: *******************************************************************
Info: Running Quartus II 64-Bit Assembler
    Info: Version 13.1.0 Build 162 10/23/2013 SJ Web Edition
    Info: Processing started: Tue Sep  5 11:44:44 2023
Info: Command: quartus_asm --read_settings_files=off --write_settings_files=off V2495user_template -c V2495user_template
Info (115030): Assembler is generating device programming files
Info (210117): Created JAM or JBC file for the specified chain: 
Device 1 (5CGXBC4C6F27; /home/mgiacalo/OneDrive/Assegno2022/EIC/NIM to LVDS/NIMtoLVDS/output_files/V2495user_template.sof)
Info (210117): Created JAM or JBC file for the specified chain: 
Device 1 (5CGXBC4C6F27; /home/mgiacalo/OneDrive/Assegno2022/EIC/NIM to LVDS/NIMtoLVDS/output_files/V2495user_template.sof)
Info: Quartus II 64-Bit Assembler was successful. 0 errors, 0 warnings
    Info: Peak virtual memory: 771 megabytes
    Info: Processing ended: Tue Sep  5 11:44:58 2023
    Info: Elapsed time: 00:00:14
    Info: Total CPU time (on all processors): 00:00:14


